<?xml version="1.0" encoding="UTF-8"?>
<!-- Generated by org.testng.reporters.JUnitReportReporter -->
<testsuite hostname="GUNTURUSIVARAMAPRASAD" failures="0" tests="4" name="api.test.UserTests2" time="10.992" errors="0" timestamp="2024-12-18T17:24:34 IST" skipped="0">
  <testcase classname="api.test.UserTests2" name="testPostUser" time="3.912"/>
  <testcase classname="api.test.UserTests2" name="testGetUser" time="1.255"/>
  <testcase classname="api.test.UserTests2" name="testUpdateUser" time="4.567"/>
  <testcase classname="api.test.UserTests2" name="testDeleteUser" time="1.258"/>
</testsuite> <!-- api.test.UserTests2 -->
