<?xml version="1.0" encoding="UTF-8"?>
<!-- Generated by org.testng.reporters.JUnitReportReporter -->
<testsuite hostname="GUNTURUSIVARAMAPRASAD" failures="0" tests="4" name="api.test.UserTests2" time="10.509" errors="0" timestamp="2024-12-18T18:01:03 IST" skipped="0">
  <testcase classname="api.test.UserTests2" name="testPostUser" time="4.236"/>
  <testcase classname="api.test.UserTests2" name="testGetUser" time="1.376"/>
  <testcase classname="api.test.UserTests2" name="testUpdateUser" time="3.420"/>
  <testcase classname="api.test.UserTests2" name="testDeleteUser" time="1.477"/>
</testsuite> <!-- api.test.UserTests2 -->
